\BOOKMARK [1][-]{section.1}{Atomic and Molecular physics}{}% 1
\BOOKMARK [2][-]{subsection.1.1}{Quantum Mechanics}{section.1}% 2
\BOOKMARK [3][-]{subsubsection.1.1.1}{Hydrogen}{subsection.1.1}% 3
\BOOKMARK [3][-]{subsubsection.1.1.2}{Orbitals}{subsection.1.1}% 4
\BOOKMARK [2][-]{subsection.1.2}{Atomic and molecular bonds}{section.1}% 5
\BOOKMARK [3][-]{subsubsection.1.2.1}{Chemical bonds}{subsection.1.2}% 6
\BOOKMARK [3][-]{subsubsection.1.2.2}{Hybridization}{subsection.1.2}% 7
\BOOKMARK [3][-]{subsubsection.1.2.3}{sp - sp2 - sp3 hybridization}{subsection.1.2}% 8
\BOOKMARK [1][-]{section.2}{Radioactivity}{}% 9
\BOOKMARK [2][-]{subsection.2.1}{Radiation}{section.2}% 10
\BOOKMARK [3][-]{subsubsection.2.1.1}{Radioactive decay}{subsection.2.1}% 11
\BOOKMARK [2][-]{subsection.2.2}{Ionization}{section.2}% 12
\BOOKMARK [3][-]{subsubsection.2.2.1}{Excitation}{subsection.2.2}% 13
\BOOKMARK [3][-]{subsubsection.2.2.2}{Absorbed, equivalent and effective dose}{subsection.2.2}% 14
\BOOKMARK [2][-]{subsection.2.3}{Types of ionizing radiation}{section.2}% 15
\BOOKMARK [3][-]{subsubsection.2.3.1}{Photoelectric effect}{subsection.2.3}% 16
\BOOKMARK [3][-]{subsubsection.2.3.2}{Compton scattering}{subsection.2.3}% 17
\BOOKMARK [3][-]{subsubsection.2.3.3}{Pair production}{subsection.2.3}% 18
\BOOKMARK [3][-]{subsubsection.2.3.4}{Photon attenuation}{subsection.2.3}% 19
\BOOKMARK [2][-]{subsection.2.4}{Radiation on matter}{section.2}% 20
\BOOKMARK [3][-]{subsubsection.2.4.1}{Bethe's stopping power}{subsection.2.4}% 21
\BOOKMARK [3][-]{subsubsection.2.4.2}{Scattering}{subsection.2.4}% 22
\BOOKMARK [3][-]{subsubsection.2.4.3}{Bremsstrahlung}{subsection.2.4}% 23
\BOOKMARK [1][-]{section.3}{Cell biology}{}% 24
\BOOKMARK [2][-]{subsection.3.1}{The principle of reductionism}{section.3}% 25
\BOOKMARK [2][-]{subsection.3.2}{History of the cell}{section.3}% 26
\BOOKMARK [2][-]{subsection.3.3}{Tissue}{section.3}% 27
\BOOKMARK [3][-]{subsubsection.3.3.1}{Epithelial tissue}{subsection.3.3}% 28
\BOOKMARK [3][-]{subsubsection.3.3.2}{Connective tissue}{subsection.3.3}% 29
\BOOKMARK [3][-]{subsubsection.3.3.3}{Muscle cells}{subsection.3.3}% 30
\BOOKMARK [3][-]{subsubsection.3.3.4}{Nervous tissue}{subsection.3.3}% 31
\BOOKMARK [3][-]{subsubsection.3.3.5}{Blood cells}{subsection.3.3}% 32
\BOOKMARK [3][-]{subsubsection.3.3.6}{Cell differentiation}{subsection.3.3}% 33
\BOOKMARK [2][-]{subsection.3.4}{Eukaryotic cell}{section.3}% 34
\BOOKMARK [3][-]{subsubsection.3.4.1}{Cell membrane}{subsection.3.4}% 35
